This file contains any messages produced by compilers while
running configure, to aid debugging if configure makes a mistake.

It was created by configure, which was
generated by GNU Autoconf 2.59.  Invocation command line was

  $ ./configure 

## --------- ##
## Platform. ##
## --------- ##

hostname = lust.local
uname -m = x86_64
uname -r = 14.5.0
uname -s = Darwin
uname -v = Darwin Kernel Version 14.5.0: Wed Jul 29 02:26:53 PDT 2015; root:xnu-2782.40.9~1/RELEASE_X86_64

/usr/bin/uname -p = i386
/bin/uname -X     = unknown

/bin/arch              = unknown
/usr/bin/arch -k       = unknown
/usr/convex/getsysinfo = unknown
hostinfo               = Mach kernel version:
	 Darwin Kernel Version 14.5.0: Wed Jul 29 02:26:53 PDT 2015; root:xnu-2782.40.9~1/RELEASE_X86_64
Kernel configured for up to 4 processors.
2 processors are physically available.
4 processors are logically available.
Processor type: i486 (Intel 80486)
Processors active: 0 1 2 3
Primary memory available: 4.00 gigabytes
Default processor set: 274 tasks, 1199 threads, 4 processors
Load average: 0.98, Mach factor: 3.01
/bin/machine           = unknown
/usr/bin/oslevel       = unknown
/bin/universe          = unknown

PATH: /apps/nco/4.2.5/bin
PATH: /apps/netcdf/4.1.3/bin
PATH: /apps/udunits/2.2.20/bin
PATH: /apps/ncview/2.1.5/bin
PATH: /opt/wrappers
PATH: /opt/local/libexec/gnubin
PATH: /usr/local/bin
PATH: /usr/bin
PATH: /bin
PATH: /usr/sbin
PATH: /sbin
PATH: /opt/X11/bin


## ----------- ##
## Core tests. ##
## ----------- ##

configure:1347: checking for gcc
configure:1373: result: gcc
configure:1617: checking for C compiler version
configure:1620: gcc --version </dev/null >&5
Configured with: --prefix=/Applications/Xcode.app/Contents/Developer/usr --with-gxx-include-dir=/Applications/Xcode.app/Contents/Developer/Platforms/MacOSX.platform/Developer/SDKs/MacOSX10.10.sdk/usr/include/c++/4.2.1
Apple LLVM version 6.1.0 (clang-602.0.53) (based on LLVM 3.6.0svn)
Target: x86_64-apple-darwin14.5.0
Thread model: posix
configure:1623: $? = 0
configure:1625: gcc -v </dev/null >&5
Configured with: --prefix=/Applications/Xcode.app/Contents/Developer/usr --with-gxx-include-dir=/Applications/Xcode.app/Contents/Developer/Platforms/MacOSX.platform/Developer/SDKs/MacOSX10.10.sdk/usr/include/c++/4.2.1
Apple LLVM version 6.1.0 (clang-602.0.53) (based on LLVM 3.6.0svn)
Target: x86_64-apple-darwin14.5.0
Thread model: posix
configure:1628: $? = 0
configure:1630: gcc -V </dev/null >&5
clang: error: argument to '-V' is missing (expected 1 value)
clang: error: no input files
configure:1633: $? = 1
configure:1656: checking for C compiler default output file name
configure:1659: gcc -g -O2 -Wall -pedantic   conftest.c  >&5
ld: warning: directory not found for option '-L/apps/ncview/2.1.5/lib'
configure:1662: $? = 0
configure:1708: result: a.out
configure:1713: checking whether the C compiler works
configure:1719: ./a.out
configure:1722: $? = 0
configure:1739: result: yes
configure:1746: checking whether we are cross compiling
configure:1748: result: no
configure:1751: checking for suffix of executables
configure:1753: gcc -o conftest -g -O2 -Wall -pedantic   conftest.c  >&5
ld: warning: directory not found for option '-L/apps/ncview/2.1.5/lib'
configure:1756: $? = 0
configure:1781: result: 
configure:1787: checking for suffix of object files
configure:1808: gcc -c -g -O2 -Wall -pedantic  conftest.c >&5
configure:1811: $? = 0
configure:1833: result: o
configure:1837: checking whether we are using the GNU C compiler
configure:1861: gcc -c -g -O2 -Wall -pedantic  conftest.c >&5
configure:1867: $? = 0
configure:1871: test -z 
			 || test ! -s conftest.err
configure:1874: $? = 0
configure:1877: test -s conftest.o
configure:1880: $? = 0
configure:1893: result: yes
configure:1899: checking whether gcc accepts -g
configure:1920: gcc -c -g  conftest.c >&5
configure:1926: $? = 0
configure:1930: test -z 
			 || test ! -s conftest.err
configure:1933: $? = 0
configure:1936: test -s conftest.o
configure:1939: $? = 0
configure:1950: result: yes
configure:1967: checking for gcc option to accept ANSI C
configure:2037: gcc  -c -g -O2 -Wall -pedantic  conftest.c >&5
configure:2043: $? = 0
configure:2047: test -z 
			 || test ! -s conftest.err
configure:2050: $? = 0
configure:2053: test -s conftest.o
configure:2056: $? = 0
configure:2074: result: none needed
configure:2092: gcc -c -g -O2 -Wall -pedantic  conftest.c >&5
conftest.c:2:3: error: unknown type name 'choke'
  choke me
  ^
conftest.c:2:11: error: expected ';' after top level declarator
  choke me
          ^
          ;
2 errors generated.
configure:2098: $? = 1
configure: failed program was:
| #ifndef __cplusplus
|   choke me
| #endif
configure:2269: checking for a BSD-compatible install
configure:2324: result: /opt/local/libexec/gnubin/install -c
configure:2337: checking for ar
configure:2353: found /usr/bin/ar
configure:2364: result: ar
configure:2378: checking how to run the C preprocessor
configure:2413: gcc -E  conftest.c
configure:2419: $? = 0
configure:2451: gcc -E  conftest.c
conftest.c:9:10: fatal error: 'ac_nonexistent.h' file not found
#include <ac_nonexistent.h>
         ^
1 error generated.
configure:2457: $? = 1
configure: failed program was:
| /* confdefs.h.  */
| 
| #define PACKAGE_NAME ""
| #define PACKAGE_TARNAME ""
| #define PACKAGE_VERSION ""
| #define PACKAGE_STRING ""
| #define PACKAGE_BUGREPORT ""
| /* end confdefs.h.  */
| #include <ac_nonexistent.h>
configure:2496: result: gcc -E
configure:2520: gcc -E  conftest.c
configure:2526: $? = 0
configure:2558: gcc -E  conftest.c
conftest.c:9:10: fatal error: 'ac_nonexistent.h' file not found
#include <ac_nonexistent.h>
         ^
1 error generated.
configure:2564: $? = 1
configure: failed program was:
| /* confdefs.h.  */
| 
| #define PACKAGE_NAME ""
| #define PACKAGE_TARNAME ""
| #define PACKAGE_VERSION ""
| #define PACKAGE_STRING ""
| #define PACKAGE_BUGREPORT ""
| /* end confdefs.h.  */
| #include <ac_nonexistent.h>
configure:2608: checking for egrep
configure:2618: result: grep -E
configure:2623: checking for ANSI C header files
configure:2648: gcc -c -g -O2 -Wall -pedantic  conftest.c >&5
configure:2654: $? = 0
configure:2658: test -z 
			 || test ! -s conftest.err
configure:2661: $? = 0
configure:2664: test -s conftest.o
configure:2667: $? = 0
configure:2756: gcc -o conftest -g -O2 -Wall -pedantic   conftest.c  >&5
conftest.c:26:7: warning: implicitly declaring library function 'exit' with type 'void (int) __attribute__((noreturn))'
      exit(2);
      ^
conftest.c:26:7: note: include the header <stdlib.h> or explicitly provide a declaration for 'exit'
1 warning generated.
ld: warning: directory not found for option '-L/apps/ncview/2.1.5/lib'
configure:2759: $? = 0
configure:2761: ./conftest
configure:2764: $? = 0
configure:2779: result: yes
configure:2803: checking for sys/types.h
configure:2819: gcc -c -g -O2 -Wall -pedantic  conftest.c >&5
configure:2825: $? = 0
configure:2829: test -z 
			 || test ! -s conftest.err
configure:2832: $? = 0
configure:2835: test -s conftest.o
configure:2838: $? = 0
configure:2849: result: yes
configure:2803: checking for sys/stat.h
configure:2819: gcc -c -g -O2 -Wall -pedantic  conftest.c >&5
configure:2825: $? = 0
configure:2829: test -z 
			 || test ! -s conftest.err
configure:2832: $? = 0
configure:2835: test -s conftest.o
configure:2838: $? = 0
configure:2849: result: yes
configure:2803: checking for stdlib.h
configure:2819: gcc -c -g -O2 -Wall -pedantic  conftest.c >&5
configure:2825: $? = 0
configure:2829: test -z 
			 || test ! -s conftest.err
configure:2832: $? = 0
configure:2835: test -s conftest.o
configure:2838: $? = 0
configure:2849: result: yes
configure:2803: checking for string.h
configure:2819: gcc -c -g -O2 -Wall -pedantic  conftest.c >&5
configure:2825: $? = 0
configure:2829: test -z 
			 || test ! -s conftest.err
configure:2832: $? = 0
configure:2835: test -s conftest.o
configure:2838: $? = 0
configure:2849: result: yes
configure:2803: checking for memory.h
configure:2819: gcc -c -g -O2 -Wall -pedantic  conftest.c >&5
configure:2825: $? = 0
configure:2829: test -z 
			 || test ! -s conftest.err
configure:2832: $? = 0
configure:2835: test -s conftest.o
configure:2838: $? = 0
configure:2849: result: yes
configure:2803: checking for strings.h
configure:2819: gcc -c -g -O2 -Wall -pedantic  conftest.c >&5
configure:2825: $? = 0
configure:2829: test -z 
			 || test ! -s conftest.err
configure:2832: $? = 0
configure:2835: test -s conftest.o
configure:2838: $? = 0
configure:2849: result: yes
configure:2803: checking for inttypes.h
configure:2819: gcc -c -g -O2 -Wall -pedantic  conftest.c >&5
configure:2825: $? = 0
configure:2829: test -z 
			 || test ! -s conftest.err
configure:2832: $? = 0
configure:2835: test -s conftest.o
configure:2838: $? = 0
configure:2849: result: yes
configure:2803: checking for stdint.h
configure:2819: gcc -c -g -O2 -Wall -pedantic  conftest.c >&5
configure:2825: $? = 0
configure:2829: test -z 
			 || test ! -s conftest.err
configure:2832: $? = 0
configure:2835: test -s conftest.o
configure:2838: $? = 0
configure:2849: result: yes
configure:2803: checking for unistd.h
configure:2819: gcc -c -g -O2 -Wall -pedantic  conftest.c >&5
configure:2825: $? = 0
configure:2829: test -z 
			 || test ! -s conftest.err
configure:2832: $? = 0
configure:2835: test -s conftest.o
configure:2838: $? = 0
configure:2849: result: yes
configure:2875: checking math.h usability
configure:2887: gcc -c -g -O2 -Wall -pedantic  conftest.c >&5
configure:2893: $? = 0
configure:2897: test -z 
			 || test ! -s conftest.err
configure:2900: $? = 0
configure:2903: test -s conftest.o
configure:2906: $? = 0
configure:2916: result: yes
configure:2920: checking math.h presence
configure:2930: gcc -E  conftest.c
configure:2936: $? = 0
configure:2956: result: yes
configure:2991: checking for math.h
configure:2998: result: yes
configure:3018: checking for main in -lm
configure:3042: gcc -o conftest -g -O2 -Wall -pedantic   conftest.c -lm   >&5
ld: warning: directory not found for option '-L/apps/ncview/2.1.5/lib'
configure:3048: $? = 0
configure:3052: test -z 
			 || test ! -s conftest.err
configure:3055: $? = 0
configure:3058: test -s conftest
configure:3061: $? = 0
configure:3074: result: yes
configure:3098: checking for realloc
configure:3155: gcc -o conftest -g -O2 -Wall -pedantic   conftest.c -lm  >&5
conftest.c:45:6: warning: incompatible redeclaration of library function 'realloc' [-Wincompatible-library-redeclaration]
char realloc ();
     ^
conftest.c:45:6: note: 'realloc' is a builtin with type 'void *(void *, unsigned long)'
1 warning generated.
ld: warning: directory not found for option '-L/apps/ncview/2.1.5/lib'
configure:3161: $? = 0
configure:3165: test -z 
			 || test ! -s conftest.err
configure:3168: $? = 0
configure:3171: test -s conftest
configure:3174: $? = 0
configure:3186: result: yes
configure:3098: checking for strtod
configure:3155: gcc -o conftest -g -O2 -Wall -pedantic   conftest.c -lm  >&5
ld: warning: directory not found for option '-L/apps/ncview/2.1.5/lib'
configure:3161: $? = 0
configure:3165: test -z 
			 || test ! -s conftest.err
configure:3168: $? = 0
configure:3171: test -s conftest
configure:3174: $? = 0
configure:3186: result: yes
configure:3098: checking for strtok
configure:3155: gcc -o conftest -g -O2 -Wall -pedantic   conftest.c -lm  >&5
conftest.c:47:6: warning: incompatible redeclaration of library function 'strtok' [-Wincompatible-library-redeclaration]
char strtok ();
     ^
conftest.c:47:6: note: 'strtok' is a builtin with type 'char *(char *, const char *)'
1 warning generated.
ld: warning: directory not found for option '-L/apps/ncview/2.1.5/lib'
configure:3161: $? = 0
configure:3165: test -z 
			 || test ! -s conftest.err
configure:3168: $? = 0
configure:3171: test -s conftest
configure:3174: $? = 0
configure:3186: result: yes
configure:3098: checking for hypot
configure:3155: gcc -o conftest -g -O2 -Wall -pedantic   conftest.c -lm  >&5
conftest.c:48:6: warning: incompatible redeclaration of library function 'hypot' [-Wincompatible-library-redeclaration]
char hypot ();
     ^
conftest.c:48:6: note: 'hypot' is a builtin with type 'double (double, double)'
1 warning generated.
ld: warning: directory not found for option '-L/apps/ncview/2.1.5/lib'
configure:3161: $? = 0
configure:3165: test -z 
			 || test ! -s conftest.err
configure:3168: $? = 0
configure:3171: test -s conftest
configure:3174: $? = 0
configure:3186: result: yes
configure:3303: creating ./config.status

## ---------------------- ##
## Running config.status. ##
## ---------------------- ##

This file was extended by config.status, which was
generated by GNU Autoconf 2.59.  Invocation command line was

  CONFIG_FILES    = 
  CONFIG_HEADERS  = 
  CONFIG_LINKS    = 
  CONFIG_COMMANDS = 
  $ ./config.status 

on lust.local

config.status:652: creating makefile
config.status:756: creating config.h
config.status:870: config.h is unchanged

## ---------------- ##
## Cache variables. ##
## ---------------- ##

ac_cv_c_compiler_gnu=yes
ac_cv_env_CC_set=
ac_cv_env_CC_value=
ac_cv_env_CFLAGS_set=
ac_cv_env_CFLAGS_value=
ac_cv_env_CPPFLAGS_set=
ac_cv_env_CPPFLAGS_value=
ac_cv_env_CPP_set=
ac_cv_env_CPP_value=
ac_cv_env_LDFLAGS_set=
ac_cv_env_LDFLAGS_value=
ac_cv_env_build_alias_set=
ac_cv_env_build_alias_value=
ac_cv_env_host_alias_set=
ac_cv_env_host_alias_value=
ac_cv_env_target_alias_set=
ac_cv_env_target_alias_value=
ac_cv_exeext=
ac_cv_func_hypot=yes
ac_cv_func_realloc=yes
ac_cv_func_strtod=yes
ac_cv_func_strtok=yes
ac_cv_header_inttypes_h=yes
ac_cv_header_math_h=yes
ac_cv_header_memory_h=yes
ac_cv_header_stdc=yes
ac_cv_header_stdint_h=yes
ac_cv_header_stdlib_h=yes
ac_cv_header_string_h=yes
ac_cv_header_strings_h=yes
ac_cv_header_sys_stat_h=yes
ac_cv_header_sys_types_h=yes
ac_cv_header_unistd_h=yes
ac_cv_lib_m=ac_cv_lib_m_main
ac_cv_lib_m_main=yes
ac_cv_objext=o
ac_cv_path_install='/opt/local/libexec/gnubin/install -c'
ac_cv_prog_AR=ar
ac_cv_prog_CPP='gcc -E'
ac_cv_prog_ac_ct_CC=gcc
ac_cv_prog_cc_g=yes
ac_cv_prog_cc_stdc=
ac_cv_prog_egrep='grep -E'

## ----------------- ##
## Output variables. ##
## ----------------- ##

AR='ar'
CC='gcc'
CFLAGS='-g -O2 -Wall -pedantic'
CFLAGS_TRIANGLE='-g -O2 -Wall -pedantic -w'
CFLAGS_VULNERABLE=''
CPP='gcc -E'
CPPFLAGS=''
DEFS='-DHAVE_CONFIG_H'
ECHO_C='ECHO_N=''
ECHO_T=''
EGREP='grep -E'
EXEEXT=''
INSTALL_DATA='${INSTALL} -m 644'
INSTALL_PROGRAM='${INSTALL}'
INSTALL_SCRIPT='${INSTALL}'
LDFLAGS=''
LIBOBJS=''
LIBS='-lm '
LTLIBOBJS=''
OBJEXT='o'
PACKAGE_BUGREPORT=''
PACKAGE_NAME=''
PACKAGE_STRING=''
PACKAGE_TARNAME=''
PACKAGE_VERSION=''
PATH_SEPARATOR=':'
SHELL='/bin/sh'
ac_ct_CC='gcc'
bindir='${exec_prefix}/bin'
build_alias=''
datadir='${prefix}/share'
exec_prefix='${prefix}'
host_alias=''
includedir='${prefix}/include'
infodir='${prefix}/info'
libdir='/usr/local/lib'
libexecdir='${exec_prefix}/libexec'
localstatedir='${prefix}/var'
mandir='${prefix}/man'
oldincludedir='/usr/include'
prefix='/usr/local'
program_transform_name='s,x,x,'
sbindir='${exec_prefix}/sbin'
sharedstatedir='${prefix}/com'
sysconfdir='${prefix}/etc'
target_alias=''

## ----------- ##
## confdefs.h. ##
## ----------- ##

#define HAVE_HYPOT 1
#define HAVE_INTTYPES_H 1
#define HAVE_LIBM 1
#define HAVE_MATH_H 1
#define HAVE_MEMORY_H 1
#define HAVE_REALLOC 1
#define HAVE_STDINT_H 1
#define HAVE_STDLIB_H 1
#define HAVE_STRINGS_H 1
#define HAVE_STRING_H 1
#define HAVE_STRTOD 1
#define HAVE_STRTOK 1
#define HAVE_SYS_STAT_H 1
#define HAVE_SYS_TYPES_H 1
#define HAVE_UNISTD_H 1
#define PACKAGE_BUGREPORT ""
#define PACKAGE_NAME ""
#define PACKAGE_STRING ""
#define PACKAGE_TARNAME ""
#define PACKAGE_VERSION ""
#define STDC_HEADERS 1

configure: exit 0
